<?xml version="1.0" encoding="UTF-8"?>
<testng-results ignored="0" total="59" passed="59" failed="0" skipped="0">
  <reporter-output>
  </reporter-output>
  <suite started-at="2021-09-16T22:35:01 IST" name="Login And Logout ActiTime" finished-at="2021-09-16T22:38:05 IST" duration-ms="184013">
    <groups>
    </groups>
    <test started-at="2021-09-16T22:35:01 IST" name="ActiTime" finished-at="2021-09-16T22:38:05 IST" duration-ms="184013">
      <class name="com.sgtest.TestNGAssignment.Assign1">
        <test-method signature="launchBrowser()[pri:1, instance:com.sgtest.TestNGAssignment.Assign1@18df8434]" started-at="2021-09-16T22:35:01 IST" name="launchBrowser" finished-at="2021-09-16T22:35:04 IST" duration-ms="2302" status="PASS">
          <reporter-output>
          </reporter-output>
        </test-method> <!-- launchBrowser -->
        <test-method signature="navigate()[pri:2, instance:com.sgtest.TestNGAssignment.Assign1@18df8434]" started-at="2021-09-16T22:35:04 IST" name="navigate" finished-at="2021-09-16T22:35:06 IST" duration-ms="2631" status="PASS">
          <reporter-output>
          </reporter-output>
        </test-method> <!-- navigate -->
        <test-method signature="login()[pri:3, instance:com.sgtest.TestNGAssignment.Assign1@18df8434]" started-at="2021-09-16T22:35:06 IST" name="login" finished-at="2021-09-16T22:35:11 IST" duration-ms="4416" status="PASS">
          <reporter-output>
          </reporter-output>
        </test-method> <!-- login -->
        <test-method signature="minimizeFlyOutWindow()[pri:4, instance:com.sgtest.TestNGAssignment.Assign1@18df8434]" started-at="2021-09-16T22:35:11 IST" name="minimizeFlyOutWindow" finished-at="2021-09-16T22:35:13 IST" duration-ms="2068" status="PASS">
          <reporter-output>
          </reporter-output>
        </test-method> <!-- minimizeFlyOutWindow -->
        <test-method signature="logout()[pri:5, instance:com.sgtest.TestNGAssignment.Assign1@18df8434]" started-at="2021-09-16T22:35:13 IST" name="logout" finished-at="2021-09-16T22:35:15 IST" duration-ms="2344" status="PASS">
          <reporter-output>
          </reporter-output>
        </test-method> <!-- logout -->
        <test-method signature="closeApplication()[pri:6, instance:com.sgtest.TestNGAssignment.Assign1@18df8434]" started-at="2021-09-16T22:35:15 IST" name="closeApplication" finished-at="2021-09-16T22:35:15 IST" duration-ms="212" status="PASS">
          <reporter-output>
          </reporter-output>
        </test-method> <!-- closeApplication -->
      </class> <!-- com.sgtest.TestNGAssignment.Assign1 -->
      <class name="com.sgtest.TestNGAssignment.Assign4">
        <test-method signature="launch()[pri:1, instance:com.sgtest.TestNGAssignment.Assign4@2e385cce]" started-at="2021-09-16T22:36:32 IST" name="launch" finished-at="2021-09-16T22:36:34 IST" duration-ms="1517" status="PASS">
          <reporter-output>
          </reporter-output>
        </test-method> <!-- launch -->
        <test-method signature="navigate()[pri:2, instance:com.sgtest.TestNGAssignment.Assign4@2e385cce]" started-at="2021-09-16T22:36:34 IST" name="navigate" finished-at="2021-09-16T22:36:36 IST" duration-ms="2808" status="PASS">
          <reporter-output>
          </reporter-output>
        </test-method> <!-- navigate -->
        <test-method signature="Login()[pri:3, instance:com.sgtest.TestNGAssignment.Assign4@2e385cce]" started-at="2021-09-16T22:36:36 IST" name="Login" finished-at="2021-09-16T22:36:39 IST" duration-ms="2356" status="PASS">
          <reporter-output>
          </reporter-output>
        </test-method> <!-- Login -->
        <test-method signature="minimize()[pri:4, instance:com.sgtest.TestNGAssignment.Assign4@2e385cce]" started-at="2021-09-16T22:36:39 IST" name="minimize" finished-at="2021-09-16T22:36:41 IST" duration-ms="2056" status="PASS">
          <reporter-output>
          </reporter-output>
        </test-method> <!-- minimize -->
        <test-method signature="creatcustomer()[pri:5, instance:com.sgtest.TestNGAssignment.Assign4@2e385cce]" started-at="2021-09-16T22:36:41 IST" name="creatcustomer" finished-at="2021-09-16T22:36:43 IST" duration-ms="2545" status="PASS">
          <reporter-output>
          </reporter-output>
        </test-method> <!-- creatcustomer -->
        <test-method signature="modifycustomer()[pri:6, instance:com.sgtest.TestNGAssignment.Assign4@2e385cce]" started-at="2021-09-16T22:36:43 IST" name="modifycustomer" finished-at="2021-09-16T22:36:43 IST" duration-ms="48" status="PASS">
          <reporter-output>
          </reporter-output>
        </test-method> <!-- modifycustomer -->
        <test-method signature="deletCustomer()[pri:7, instance:com.sgtest.TestNGAssignment.Assign4@2e385cce]" started-at="2021-09-16T22:36:43 IST" name="deletCustomer" finished-at="2021-09-16T22:36:43 IST" duration-ms="44" status="PASS">
          <reporter-output>
          </reporter-output>
        </test-method> <!-- deletCustomer -->
        <test-method signature="Logout()[pri:8, instance:com.sgtest.TestNGAssignment.Assign4@2e385cce]" started-at="2021-09-16T22:36:43 IST" name="Logout" finished-at="2021-09-16T22:36:46 IST" duration-ms="2284" status="PASS">
          <reporter-output>
          </reporter-output>
        </test-method> <!-- Logout -->
        <test-method signature="close()[pri:9, instance:com.sgtest.TestNGAssignment.Assign4@2e385cce]" started-at="2021-09-16T22:36:46 IST" name="close" finished-at="2021-09-16T22:36:46 IST" duration-ms="180" status="PASS">
          <reporter-output>
          </reporter-output>
        </test-method> <!-- close -->
      </class> <!-- com.sgtest.TestNGAssignment.Assign4 -->
      <class name="com.sgtest.TestNGAssignment.Assign5">
        <test-method signature="LaunchBrowser()[pri:1, instance:com.sgtest.TestNGAssignment.Assign5@2ddc9a9f]" started-at="2021-09-16T22:36:46 IST" name="LaunchBrowser" finished-at="2021-09-16T22:36:47 IST" duration-ms="1389" status="PASS">
          <reporter-output>
          </reporter-output>
        </test-method> <!-- LaunchBrowser -->
        <test-method signature="navigate()[pri:2, instance:com.sgtest.TestNGAssignment.Assign5@2ddc9a9f]" started-at="2021-09-16T22:36:47 IST" name="navigate" finished-at="2021-09-16T22:36:50 IST" duration-ms="2776" status="PASS">
          <reporter-output>
          </reporter-output>
        </test-method> <!-- navigate -->
        <test-method signature="Login()[pri:3, instance:com.sgtest.TestNGAssignment.Assign5@2ddc9a9f]" started-at="2021-09-16T22:36:50 IST" name="Login" finished-at="2021-09-16T22:36:53 IST" duration-ms="2460" status="PASS">
          <reporter-output>
          </reporter-output>
        </test-method> <!-- Login -->
        <test-method signature="minimize()[pri:4, instance:com.sgtest.TestNGAssignment.Assign5@2ddc9a9f]" started-at="2021-09-16T22:36:53 IST" name="minimize" finished-at="2021-09-16T22:36:55 IST" duration-ms="2057" status="PASS">
          <reporter-output>
          </reporter-output>
        </test-method> <!-- minimize -->
        <test-method signature="creatcustomer()[pri:5, instance:com.sgtest.TestNGAssignment.Assign5@2ddc9a9f]" started-at="2021-09-16T22:36:55 IST" name="creatcustomer" finished-at="2021-09-16T22:36:57 IST" duration-ms="2553" status="PASS">
          <reporter-output>
          </reporter-output>
        </test-method> <!-- creatcustomer -->
        <test-method signature="createproj()[pri:6, instance:com.sgtest.TestNGAssignment.Assign5@2ddc9a9f]" started-at="2021-09-16T22:36:57 IST" name="createproj" finished-at="2021-09-16T22:37:02 IST" duration-ms="4601" status="PASS">
          <reporter-output>
          </reporter-output>
        </test-method> <!-- createproj -->
        <test-method signature="deletproj()[pri:7, instance:com.sgtest.TestNGAssignment.Assign5@2ddc9a9f]" started-at="2021-09-16T22:37:02 IST" name="deletproj" finished-at="2021-09-16T22:37:02 IST" duration-ms="36" status="PASS">
          <reporter-output>
          </reporter-output>
        </test-method> <!-- deletproj -->
        <test-method signature="deletcust()[pri:8, instance:com.sgtest.TestNGAssignment.Assign5@2ddc9a9f]" started-at="2021-09-16T22:37:02 IST" name="deletcust" finished-at="2021-09-16T22:37:02 IST" duration-ms="45" status="PASS">
          <reporter-output>
          </reporter-output>
        </test-method> <!-- deletcust -->
        <test-method signature="Logout()[pri:9, instance:com.sgtest.TestNGAssignment.Assign5@2ddc9a9f]" started-at="2021-09-16T22:37:02 IST" name="Logout" finished-at="2021-09-16T22:37:03 IST" duration-ms="1174" status="PASS">
          <reporter-output>
          </reporter-output>
        </test-method> <!-- Logout -->
        <test-method signature="close()[pri:10, instance:com.sgtest.TestNGAssignment.Assign5@2ddc9a9f]" started-at="2021-09-16T22:37:03 IST" name="close" finished-at="2021-09-16T22:37:03 IST" duration-ms="206" status="PASS">
          <reporter-output>
          </reporter-output>
        </test-method> <!-- close -->
      </class> <!-- com.sgtest.TestNGAssignment.Assign5 -->
      <class name="com.sgtest.TestNGAssignment.Assign2">
        <test-method signature="lauch()[pri:1, instance:com.sgtest.TestNGAssignment.Assign2@750e2b97]" started-at="2021-09-16T22:35:15 IST" name="lauch" finished-at="2021-09-16T22:35:19 IST" duration-ms="3501" status="PASS">
          <reporter-output>
          </reporter-output>
        </test-method> <!-- lauch -->
        <test-method signature="navigate()[pri:2, instance:com.sgtest.TestNGAssignment.Assign2@750e2b97]" started-at="2021-09-16T22:35:19 IST" name="navigate" finished-at="2021-09-16T22:35:24 IST" duration-ms="4611" status="PASS">
          <reporter-output>
          </reporter-output>
        </test-method> <!-- navigate -->
        <test-method signature="login()[pri:3, instance:com.sgtest.TestNGAssignment.Assign2@750e2b97]" started-at="2021-09-16T22:35:24 IST" name="login" finished-at="2021-09-16T22:35:28 IST" duration-ms="4214" status="PASS">
          <reporter-output>
          </reporter-output>
        </test-method> <!-- login -->
        <test-method signature="minimize()[pri:4, instance:com.sgtest.TestNGAssignment.Assign2@750e2b97]" started-at="2021-09-16T22:35:28 IST" name="minimize" finished-at="2021-09-16T22:35:30 IST" duration-ms="2141" status="PASS">
          <reporter-output>
          </reporter-output>
        </test-method> <!-- minimize -->
        <test-method signature="createuser()[pri:5, instance:com.sgtest.TestNGAssignment.Assign2@750e2b97]" started-at="2021-09-16T22:35:30 IST" name="createuser" finished-at="2021-09-16T22:35:44 IST" duration-ms="14063" status="PASS">
          <reporter-output>
          </reporter-output>
        </test-method> <!-- createuser -->
        <test-method signature="modify()[pri:6, instance:com.sgtest.TestNGAssignment.Assign2@750e2b97]" started-at="2021-09-16T22:35:44 IST" name="modify" finished-at="2021-09-16T22:35:45 IST" duration-ms="1194" status="PASS">
          <reporter-output>
          </reporter-output>
        </test-method> <!-- modify -->
        <test-method signature="Logout()[pri:7, instance:com.sgtest.TestNGAssignment.Assign2@750e2b97]" started-at="2021-09-16T22:35:45 IST" name="Logout" finished-at="2021-09-16T22:35:46 IST" duration-ms="1219" status="PASS">
          <reporter-output>
          </reporter-output>
        </test-method> <!-- Logout -->
        <test-method signature="close()[pri:8, instance:com.sgtest.TestNGAssignment.Assign2@750e2b97]" started-at="2021-09-16T22:35:46 IST" name="close" finished-at="2021-09-16T22:35:49 IST" duration-ms="2170" status="PASS">
          <reporter-output>
          </reporter-output>
        </test-method> <!-- close -->
      </class> <!-- com.sgtest.TestNGAssignment.Assign2 -->
      <class name="com.sgtest.TestNGAssignment.Assign3">
        <test-method signature="launch()[pri:1, instance:com.sgtest.TestNGAssignment.Assign3@3e27aa33]" started-at="2021-09-16T22:35:49 IST" name="launch" finished-at="2021-09-16T22:35:52 IST" duration-ms="3540" status="PASS">
          <reporter-output>
          </reporter-output>
        </test-method> <!-- launch -->
        <test-method signature="navigate()[pri:2, instance:com.sgtest.TestNGAssignment.Assign3@3e27aa33]" started-at="2021-09-16T22:35:52 IST" name="navigate" finished-at="2021-09-16T22:35:57 IST" duration-ms="4700" status="PASS">
          <reporter-output>
          </reporter-output>
        </test-method> <!-- navigate -->
        <test-method signature="Login()[pri:3, instance:com.sgtest.TestNGAssignment.Assign3@3e27aa33]" started-at="2021-09-16T22:35:57 IST" name="Login" finished-at="2021-09-16T22:36:01 IST" duration-ms="4210" status="PASS">
          <reporter-output>
          </reporter-output>
        </test-method> <!-- Login -->
        <test-method signature="minimize()[pri:4, instance:com.sgtest.TestNGAssignment.Assign3@3e27aa33]" started-at="2021-09-16T22:36:01 IST" name="minimize" finished-at="2021-09-16T22:36:03 IST" duration-ms="2101" status="PASS">
          <reporter-output>
          </reporter-output>
        </test-method> <!-- minimize -->
        <test-method signature="creatcustomer()[pri:5, instance:com.sgtest.TestNGAssignment.Assign3@3e27aa33]" started-at="2021-09-16T22:36:03 IST" name="creatcustomer" finished-at="2021-09-16T22:36:19 IST" duration-ms="15714" status="PASS">
          <reporter-output>
          </reporter-output>
        </test-method> <!-- creatcustomer -->
        <test-method signature="deletCustomer()[pri:6, instance:com.sgtest.TestNGAssignment.Assign3@3e27aa33]" started-at="2021-09-16T22:36:19 IST" name="deletCustomer" finished-at="2021-09-16T22:36:29 IST" duration-ms="10634" status="PASS">
          <reporter-output>
          </reporter-output>
        </test-method> <!-- deletCustomer -->
        <test-method signature="Logout()[pri:7, instance:com.sgtest.TestNGAssignment.Assign3@3e27aa33]" started-at="2021-09-16T22:36:29 IST" name="Logout" finished-at="2021-09-16T22:36:32 IST" duration-ms="2392" status="PASS">
          <reporter-output>
          </reporter-output>
        </test-method> <!-- Logout -->
        <test-method signature="close()[pri:8, instance:com.sgtest.TestNGAssignment.Assign3@3e27aa33]" started-at="2021-09-16T22:36:32 IST" name="close" finished-at="2021-09-16T22:36:32 IST" duration-ms="175" status="PASS">
          <reporter-output>
          </reporter-output>
        </test-method> <!-- close -->
      </class> <!-- com.sgtest.TestNGAssignment.Assign3 -->
      <class name="com.sgtest.TestNGAssignment.Assign6">
        <test-method signature="LaunchBrowser()[pri:1, instance:com.sgtest.TestNGAssignment.Assign6@298a5e20]" started-at="2021-09-16T22:37:03 IST" name="LaunchBrowser" finished-at="2021-09-16T22:37:05 IST" duration-ms="1372" status="PASS">
          <reporter-output>
          </reporter-output>
        </test-method> <!-- LaunchBrowser -->
        <test-method signature="navigate()[pri:2, instance:com.sgtest.TestNGAssignment.Assign6@298a5e20]" started-at="2021-09-16T22:37:05 IST" name="navigate" finished-at="2021-09-16T22:37:07 IST" duration-ms="2739" status="PASS">
          <reporter-output>
          </reporter-output>
        </test-method> <!-- navigate -->
        <test-method signature="Login()[pri:3, instance:com.sgtest.TestNGAssignment.Assign6@298a5e20]" started-at="2021-09-16T22:37:07 IST" name="Login" finished-at="2021-09-16T22:37:12 IST" duration-ms="4427" status="PASS">
          <reporter-output>
          </reporter-output>
        </test-method> <!-- Login -->
        <test-method signature="minimize()[pri:4, instance:com.sgtest.TestNGAssignment.Assign6@298a5e20]" started-at="2021-09-16T22:37:12 IST" name="minimize" finished-at="2021-09-16T22:37:14 IST" duration-ms="2065" status="PASS">
          <reporter-output>
          </reporter-output>
        </test-method> <!-- minimize -->
        <test-method signature="creatcustomer()[pri:5, instance:com.sgtest.TestNGAssignment.Assign6@298a5e20]" started-at="2021-09-16T22:37:14 IST" name="creatcustomer" finished-at="2021-09-16T22:37:14 IST" duration-ms="47" status="PASS">
          <reporter-output>
          </reporter-output>
        </test-method> <!-- creatcustomer -->
        <test-method signature="createproj()[pri:6, instance:com.sgtest.TestNGAssignment.Assign6@298a5e20]" started-at="2021-09-16T22:37:14 IST" name="createproj" finished-at="2021-09-16T22:37:14 IST" duration-ms="46" status="PASS">
          <reporter-output>
          </reporter-output>
        </test-method> <!-- createproj -->
        <test-method signature="modifyproj()[pri:7, instance:com.sgtest.TestNGAssignment.Assign6@298a5e20]" started-at="2021-09-16T22:37:14 IST" name="modifyproj" finished-at="2021-09-16T22:37:14 IST" duration-ms="25" status="PASS">
          <reporter-output>
          </reporter-output>
        </test-method> <!-- modifyproj -->
      </class> <!-- com.sgtest.TestNGAssignment.Assign6 -->
      <class name="com.sgtest.TestNGAssignment.Assign7">
        <test-method signature="LaunchBrowser()[pri:1, instance:com.sgtest.TestNGAssignment.Assign7@2a7f1f10]" started-at="2021-09-16T22:37:14 IST" name="LaunchBrowser" finished-at="2021-09-16T22:37:15 IST" duration-ms="1382" status="PASS">
          <reporter-output>
          </reporter-output>
        </test-method> <!-- LaunchBrowser -->
        <test-method signature="navigate()[pri:2, instance:com.sgtest.TestNGAssignment.Assign7@2a7f1f10]" started-at="2021-09-16T22:37:15 IST" name="navigate" finished-at="2021-09-16T22:37:18 IST" duration-ms="2792" status="PASS">
          <reporter-output>
          </reporter-output>
        </test-method> <!-- navigate -->
        <test-method signature="Login()[pri:3, instance:com.sgtest.TestNGAssignment.Assign7@2a7f1f10]" started-at="2021-09-16T22:37:18 IST" name="Login" finished-at="2021-09-16T22:37:22 IST" duration-ms="4314" status="PASS">
          <reporter-output>
          </reporter-output>
        </test-method> <!-- Login -->
        <test-method signature="minimize()[pri:4, instance:com.sgtest.TestNGAssignment.Assign7@2a7f1f10]" started-at="2021-09-16T22:37:22 IST" name="minimize" finished-at="2021-09-16T22:37:25 IST" duration-ms="2065" status="PASS">
          <reporter-output>
          </reporter-output>
        </test-method> <!-- minimize -->
        <test-method signature="creatcustomer()[pri:5, instance:com.sgtest.TestNGAssignment.Assign7@2a7f1f10]" started-at="2021-09-16T22:37:25 IST" name="creatcustomer" finished-at="2021-09-16T22:37:34 IST" duration-ms="9437" status="PASS">
          <reporter-output>
          </reporter-output>
        </test-method> <!-- creatcustomer -->
        <test-method signature="createproj()[pri:6, instance:com.sgtest.TestNGAssignment.Assign7@2a7f1f10]" started-at="2021-09-16T22:37:34 IST" name="createproj" finished-at="2021-09-16T22:37:41 IST" duration-ms="6729" status="PASS">
          <reporter-output>
          </reporter-output>
        </test-method> <!-- createproj -->
        <test-method signature="createtask()[pri:7, instance:com.sgtest.TestNGAssignment.Assign7@2a7f1f10]" started-at="2021-09-16T22:37:41 IST" name="createtask" finished-at="2021-09-16T22:37:47 IST" duration-ms="6722" status="PASS">
          <reporter-output>
          </reporter-output>
        </test-method> <!-- createtask -->
        <test-method signature="delettsk()[pri:8, instance:com.sgtest.TestNGAssignment.Assign7@2a7f1f10]" started-at="2021-09-16T22:37:47 IST" name="delettsk" finished-at="2021-09-16T22:37:54 IST" duration-ms="6718" status="PASS">
          <reporter-output>
          </reporter-output>
        </test-method> <!-- delettsk -->
        <test-method signature="deletcustomer()[pri:9, instance:com.sgtest.TestNGAssignment.Assign7@2a7f1f10]" started-at="2021-09-16T22:37:54 IST" name="deletcustomer" finished-at="2021-09-16T22:38:03 IST" duration-ms="8610" status="PASS">
          <reporter-output>
          </reporter-output>
        </test-method> <!-- deletcustomer -->
        <test-method signature="Logout()[pri:10, instance:com.sgtest.TestNGAssignment.Assign7@2a7f1f10]" started-at="2021-09-16T22:38:03 IST" name="Logout" finished-at="2021-09-16T22:38:05 IST" duration-ms="2399" status="PASS">
          <reporter-output>
          </reporter-output>
        </test-method> <!-- Logout -->
        <test-method signature="close()[pri:11, instance:com.sgtest.TestNGAssignment.Assign7@2a7f1f10]" started-at="2021-09-16T22:38:05 IST" name="close" finished-at="2021-09-16T22:38:05 IST" duration-ms="208" status="PASS">
          <reporter-output>
          </reporter-output>
        </test-method> <!-- close -->
      </class> <!-- com.sgtest.TestNGAssignment.Assign7 -->
    </test> <!-- ActiTime -->
  </suite> <!-- Login And Logout ActiTime -->
</testng-results>
