<?xml version="1.0" encoding="UTF-8"?>
<!-- Generated by org.testng.reporters.JUnitXMLReporter -->
<testsuite ignored="0" hostname="DESKTOP-92EFBDM" failures="0" tests="8" name="Default test" time="44.516" errors="0" timestamp="2021-09-16T22:18:57 IST">
  <testcase classname="com.sgtest.TestNGAssignment.Assign3" name="launch" time="4.225"/>
  <testcase classname="com.sgtest.TestNGAssignment.Assign3" name="navigate" time="4.659"/>
  <testcase classname="com.sgtest.TestNGAssignment.Assign3" name="Login" time="4.224"/>
  <testcase classname="com.sgtest.TestNGAssignment.Assign3" name="minimize" time="2.168"/>
  <testcase classname="com.sgtest.TestNGAssignment.Assign3" name="creatcustomer" time="15.845"/>
  <testcase classname="com.sgtest.TestNGAssignment.Assign3" name="deletCustomer" time="10.651"/>
  <testcase classname="com.sgtest.TestNGAssignment.Assign3" name="Logout" time="2.437"/>
  <testcase classname="com.sgtest.TestNGAssignment.Assign3" name="close" time="0.218"/>
</testsuite> <!-- Default test -->
