<?xml version="1.0" encoding="UTF-8"?>
<!-- Generated by org.testng.reporters.JUnitXMLReporter -->
<testsuite ignored="0" hostname="DESKTOP-92EFBDM" failures="0" tests="59" name="ActiTime" time="184.013" errors="0" timestamp="2021-09-16T22:38:05 IST">
  <testcase classname="com.sgtest.TestNGAssignment.Assign1" name="launchBrowser" time="2.302"/>
  <testcase classname="com.sgtest.TestNGAssignment.Assign1" name="navigate" time="2.631"/>
  <testcase classname="com.sgtest.TestNGAssignment.Assign1" name="login" time="4.416"/>
  <testcase classname="com.sgtest.TestNGAssignment.Assign1" name="minimizeFlyOutWindow" time="2.068"/>
  <testcase classname="com.sgtest.TestNGAssignment.Assign1" name="logout" time="2.344"/>
  <testcase classname="com.sgtest.TestNGAssignment.Assign1" name="closeApplication" time="0.212"/>
  <testcase classname="com.sgtest.TestNGAssignment.Assign2" name="lauch" time="3.501"/>
  <testcase classname="com.sgtest.TestNGAssignment.Assign2" name="navigate" time="4.611"/>
  <testcase classname="com.sgtest.TestNGAssignment.Assign2" name="login" time="4.214"/>
  <testcase classname="com.sgtest.TestNGAssignment.Assign2" name="minimize" time="2.141"/>
  <testcase classname="com.sgtest.TestNGAssignment.Assign2" name="createuser" time="14.063"/>
  <testcase classname="com.sgtest.TestNGAssignment.Assign2" name="modify" time="1.194"/>
  <testcase classname="com.sgtest.TestNGAssignment.Assign2" name="Logout" time="1.219"/>
  <testcase classname="com.sgtest.TestNGAssignment.Assign2" name="close" time="2.17"/>
  <testcase classname="com.sgtest.TestNGAssignment.Assign3" name="launch" time="3.54"/>
  <testcase classname="com.sgtest.TestNGAssignment.Assign3" name="navigate" time="4.7"/>
  <testcase classname="com.sgtest.TestNGAssignment.Assign3" name="Login" time="4.21"/>
  <testcase classname="com.sgtest.TestNGAssignment.Assign3" name="minimize" time="2.101"/>
  <testcase classname="com.sgtest.TestNGAssignment.Assign3" name="creatcustomer" time="15.714"/>
  <testcase classname="com.sgtest.TestNGAssignment.Assign3" name="deletCustomer" time="10.634"/>
  <testcase classname="com.sgtest.TestNGAssignment.Assign3" name="Logout" time="2.392"/>
  <testcase classname="com.sgtest.TestNGAssignment.Assign3" name="close" time="0.175"/>
  <testcase classname="com.sgtest.TestNGAssignment.Assign4" name="launch" time="1.517"/>
  <testcase classname="com.sgtest.TestNGAssignment.Assign4" name="navigate" time="2.808"/>
  <testcase classname="com.sgtest.TestNGAssignment.Assign4" name="Login" time="2.356"/>
  <testcase classname="com.sgtest.TestNGAssignment.Assign4" name="minimize" time="2.056"/>
  <testcase classname="com.sgtest.TestNGAssignment.Assign4" name="creatcustomer" time="2.545"/>
  <testcase classname="com.sgtest.TestNGAssignment.Assign4" name="modifycustomer" time="0.048"/>
  <testcase classname="com.sgtest.TestNGAssignment.Assign4" name="deletCustomer" time="0.044"/>
  <testcase classname="com.sgtest.TestNGAssignment.Assign4" name="Logout" time="2.284"/>
  <testcase classname="com.sgtest.TestNGAssignment.Assign4" name="close" time="0.18"/>
  <testcase classname="com.sgtest.TestNGAssignment.Assign5" name="LaunchBrowser" time="1.389"/>
  <testcase classname="com.sgtest.TestNGAssignment.Assign5" name="navigate" time="2.776"/>
  <testcase classname="com.sgtest.TestNGAssignment.Assign5" name="Login" time="2.46"/>
  <testcase classname="com.sgtest.TestNGAssignment.Assign5" name="minimize" time="2.057"/>
  <testcase classname="com.sgtest.TestNGAssignment.Assign5" name="creatcustomer" time="2.553"/>
  <testcase classname="com.sgtest.TestNGAssignment.Assign5" name="createproj" time="4.601"/>
  <testcase classname="com.sgtest.TestNGAssignment.Assign5" name="deletproj" time="0.036"/>
  <testcase classname="com.sgtest.TestNGAssignment.Assign5" name="deletcust" time="0.045"/>
  <testcase classname="com.sgtest.TestNGAssignment.Assign5" name="Logout" time="1.174"/>
  <testcase classname="com.sgtest.TestNGAssignment.Assign5" name="close" time="0.206"/>
  <testcase classname="com.sgtest.TestNGAssignment.Assign6" name="LaunchBrowser" time="1.372"/>
  <testcase classname="com.sgtest.TestNGAssignment.Assign6" name="navigate" time="2.739"/>
  <testcase classname="com.sgtest.TestNGAssignment.Assign6" name="Login" time="4.427"/>
  <testcase classname="com.sgtest.TestNGAssignment.Assign6" name="minimize" time="2.065"/>
  <testcase classname="com.sgtest.TestNGAssignment.Assign6" name="creatcustomer" time="0.047"/>
  <testcase classname="com.sgtest.TestNGAssignment.Assign6" name="createproj" time="0.046"/>
  <testcase classname="com.sgtest.TestNGAssignment.Assign6" name="modifyproj" time="0.025"/>
  <testcase classname="com.sgtest.TestNGAssignment.Assign7" name="LaunchBrowser" time="1.382"/>
  <testcase classname="com.sgtest.TestNGAssignment.Assign7" name="navigate" time="2.792"/>
  <testcase classname="com.sgtest.TestNGAssignment.Assign7" name="Login" time="4.314"/>
  <testcase classname="com.sgtest.TestNGAssignment.Assign7" name="minimize" time="2.065"/>
  <testcase classname="com.sgtest.TestNGAssignment.Assign7" name="creatcustomer" time="9.437"/>
  <testcase classname="com.sgtest.TestNGAssignment.Assign7" name="createproj" time="6.729"/>
  <testcase classname="com.sgtest.TestNGAssignment.Assign7" name="createtask" time="6.722"/>
  <testcase classname="com.sgtest.TestNGAssignment.Assign7" name="delettsk" time="6.718"/>
  <testcase classname="com.sgtest.TestNGAssignment.Assign7" name="deletcustomer" time="8.61"/>
  <testcase classname="com.sgtest.TestNGAssignment.Assign7" name="Logout" time="2.399"/>
  <testcase classname="com.sgtest.TestNGAssignment.Assign7" name="close" time="0.208"/>
</testsuite> <!-- ActiTime -->
